This file contains any messages produced by compilers while
running configure, to aid debugging if configure makes a mistake.

It was created by FASTX Toolkit configure 0.0.14, which was
generated by GNU Autoconf 2.69.  Invocation command line was

  $ ./configure 

## --------- ##
## Platform. ##
## --------- ##

hostname = login04.rc.colorado.edu
uname -m = x86_64
uname -r = 2.6.32-431.5.1.el6.x86_64
uname -s = Linux
uname -v = #1 SMP Fri Jan 10 14:46:43 EST 2014

/usr/bin/uname -p = unknown
/bin/uname -X     = unknown

/bin/arch              = x86_64
/usr/bin/arch -k       = unknown
/usr/convex/getsysinfo = unknown
/usr/bin/hostinfo      = unknown
/bin/machine           = unknown
/usr/bin/oslevel       = unknown
/bin/universe          = unknown

PATH: /usr/local/bin
PATH: /bin
PATH: /usr/bin
PATH: /usr/local/sbin
PATH: /usr/sbin
PATH: /sbin


## ----------- ##
## Core tests. ##
## ----------- ##

configure:2449: checking for a BSD-compatible install
configure:2517: result: /usr/bin/install -c
configure:2528: checking whether build environment is sane
configure:2583: result: yes
configure:2734: checking for a thread-safe mkdir -p
configure:2773: result: /bin/mkdir -p
configure:2780: checking for gawk
configure:2796: found /bin/gawk
configure:2807: result: gawk
configure:2818: checking whether make sets $(MAKE)
configure:2840: result: yes
configure:2869: checking whether make supports nested variables
configure:2886: result: yes
configure:3060: checking for gcc
configure:3076: found /usr/bin/gcc
configure:3087: result: gcc
configure:3316: checking for C compiler version
configure:3325: gcc --version >&5
gcc (GCC) 4.4.7 20120313 (Red Hat 4.4.7-4)
Copyright (C) 2010 Free Software Foundation, Inc.
This is free software; see the source for copying conditions.  There is NO
warranty; not even for MERCHANTABILITY or FITNESS FOR A PARTICULAR PURPOSE.

configure:3336: $? = 0
configure:3325: gcc -v >&5
Using built-in specs.
Target: x86_64-redhat-linux
Configured with: ../configure --prefix=/usr --mandir=/usr/share/man --infodir=/usr/share/info --with-bugurl=http://bugzilla.redhat.com/bugzilla --enable-bootstrap --enable-shared --enable-threads=posix --enable-checking=release --with-system-zlib --enable-__cxa_atexit --disable-libunwind-exceptions --enable-gnu-unique-object --enable-languages=c,c++,objc,obj-c++,java,fortran,ada --enable-java-awt=gtk --disable-dssi --with-java-home=/usr/lib/jvm/java-1.5.0-gcj-1.5.0.0/jre --enable-libgcj-multifile --enable-java-maintainer-mode --with-ecj-jar=/usr/share/java/eclipse-ecj.jar --disable-libjava-multilib --with-ppl --with-cloog --with-tune=generic --with-arch_32=i686 --build=x86_64-redhat-linux
Thread model: posix
gcc version 4.4.7 20120313 (Red Hat 4.4.7-4) (GCC) 
configure:3336: $? = 0
configure:3325: gcc -V >&5
gcc: '-V' option must have argument
configure:3336: $? = 1
configure:3325: gcc -qversion >&5
gcc: unrecognized option '-qversion'
gcc: no input files
configure:3336: $? = 1
configure:3356: checking whether the C compiler works
configure:3378: gcc    conftest.c  >&5
configure:3382: $? = 0
configure:3430: result: yes
configure:3433: checking for C compiler default output file name
configure:3435: result: a.out
configure:3441: checking for suffix of executables
configure:3448: gcc -o conftest    conftest.c  >&5
configure:3452: $? = 0
configure:3474: result: 
configure:3496: checking whether we are cross compiling
configure:3504: gcc -o conftest    conftest.c  >&5
configure:3508: $? = 0
configure:3515: ./conftest
configure:3519: $? = 0
configure:3534: result: no
configure:3539: checking for suffix of object files
configure:3561: gcc -c   conftest.c >&5
configure:3565: $? = 0
configure:3586: result: o
configure:3590: checking whether we are using the GNU C compiler
configure:3609: gcc -c   conftest.c >&5
configure:3609: $? = 0
configure:3618: result: yes
configure:3627: checking whether gcc accepts -g
configure:3647: gcc -c -g  conftest.c >&5
configure:3647: $? = 0
configure:3688: result: yes
configure:3705: checking for gcc option to accept ISO C89
configure:3768: gcc  -c -g -O2  conftest.c >&5
configure:3768: $? = 0
configure:3781: result: none needed
configure:3806: checking whether gcc understands -c and -o together
configure:3828: gcc -c conftest.c -o conftest2.o
configure:3831: $? = 0
configure:3828: gcc -c conftest.c -o conftest2.o
configure:3831: $? = 0
configure:3843: result: yes
configure:3871: checking for style of include used by make
configure:3899: result: GNU
configure:3925: checking dependency style of gcc
configure:4036: result: gcc3
configure:4109: checking for g++
configure:4125: found /usr/bin/g++
configure:4136: result: g++
configure:4163: checking for C++ compiler version
configure:4172: g++ --version >&5
g++ (GCC) 4.4.7 20120313 (Red Hat 4.4.7-4)
Copyright (C) 2010 Free Software Foundation, Inc.
This is free software; see the source for copying conditions.  There is NO
warranty; not even for MERCHANTABILITY or FITNESS FOR A PARTICULAR PURPOSE.

configure:4183: $? = 0
configure:4172: g++ -v >&5
Using built-in specs.
Target: x86_64-redhat-linux
Configured with: ../configure --prefix=/usr --mandir=/usr/share/man --infodir=/usr/share/info --with-bugurl=http://bugzilla.redhat.com/bugzilla --enable-bootstrap --enable-shared --enable-threads=posix --enable-checking=release --with-system-zlib --enable-__cxa_atexit --disable-libunwind-exceptions --enable-gnu-unique-object --enable-languages=c,c++,objc,obj-c++,java,fortran,ada --enable-java-awt=gtk --disable-dssi --with-java-home=/usr/lib/jvm/java-1.5.0-gcj-1.5.0.0/jre --enable-libgcj-multifile --enable-java-maintainer-mode --with-ecj-jar=/usr/share/java/eclipse-ecj.jar --disable-libjava-multilib --with-ppl --with-cloog --with-tune=generic --with-arch_32=i686 --build=x86_64-redhat-linux
Thread model: posix
gcc version 4.4.7 20120313 (Red Hat 4.4.7-4) (GCC) 
configure:4183: $? = 0
configure:4172: g++ -V >&5
g++: '-V' option must have argument
configure:4183: $? = 1
configure:4172: g++ -qversion >&5
g++: unrecognized option '-qversion'
g++: no input files
configure:4183: $? = 1
configure:4187: checking whether we are using the GNU C++ compiler
configure:4206: g++ -c   conftest.cpp >&5
configure:4206: $? = 0
configure:4215: result: yes
configure:4224: checking whether g++ accepts -g
configure:4244: g++ -c -g  conftest.cpp >&5
configure:4244: $? = 0
configure:4285: result: yes
configure:4310: checking dependency style of g++
configure:4421: result: gcc3
configure:4465: checking build system type
configure:4479: result: x86_64-unknown-linux-gnu
configure:4499: checking host system type
configure:4512: result: x86_64-unknown-linux-gnu
configure:4532: checking for a sed that does not truncate output
configure:4596: result: /bin/sed
configure:4614: checking for grep that handles long lines and -e
configure:4672: result: /bin/grep
configure:4677: checking for egrep
configure:4739: result: /bin/grep -E
configure:4744: checking for fgrep
configure:4806: result: /bin/grep -F
configure:4841: checking for ld used by gcc
configure:4908: result: /usr/bin/ld
configure:4915: checking if the linker (/usr/bin/ld) is GNU ld
configure:4930: result: yes
configure:4942: checking for BSD- or MS-compatible name lister (nm)
configure:4991: result: /usr/bin/nm -B
configure:5109: checking the name lister (/usr/bin/nm -B) interface
configure:5116: gcc -c -g -O2  conftest.c >&5
configure:5119: /usr/bin/nm -B "conftest.o"
configure:5122: output
0000000000000000 B some_variable
configure:5129: result: BSD nm
configure:5132: checking whether ln -s works
configure:5136: result: yes
configure:5144: checking the maximum length of command line arguments
configure:5264: result: 960000000
configure:5281: checking whether the shell understands some XSI constructs
configure:5291: result: yes
configure:5295: checking whether the shell understands "+="
configure:5301: result: yes
configure:5336: checking for /usr/bin/ld option to reload object files
configure:5343: result: -r
configure:5412: checking for objdump
configure:5428: found /usr/bin/objdump
configure:5439: result: objdump
configure:5471: checking how to recognize dependent libraries
configure:5667: result: pass_all
configure:5727: checking for ar
configure:5743: found /usr/bin/ar
configure:5754: result: ar
configure:5832: checking for strip
configure:5848: found /usr/bin/strip
configure:5859: result: strip
configure:5931: checking for ranlib
configure:5947: found /usr/bin/ranlib
configure:5958: result: ranlib
configure:6048: checking command to parse /usr/bin/nm -B output from gcc object
configure:6166: gcc -c -g -O2  conftest.c >&5
configure:6169: $? = 0
configure:6173: /usr/bin/nm -B conftest.o \| sed -n -e 's/^.*[	 ]\([ABCDGIRSTW][ABCDGIRSTW]*\)[	 ][	 ]*\([_A-Za-z][_A-Za-z0-9]*\)$/\1 \2 \2/p' \> conftest.nm
configure:6176: $? = 0
configure:6230: gcc -o conftest -g -O2   conftest.c conftstm.o >&5
configure:6233: $? = 0
configure:6271: result: ok
configure:6367: gcc -c -g -O2  conftest.c >&5
configure:6370: $? = 0
configure:7080: checking how to run the C preprocessor
configure:7111: gcc -E  conftest.c
configure:7111: $? = 0
configure:7125: gcc -E  conftest.c
conftest.c:11:28: error: ac_nonexistent.h: No such file or directory
configure:7125: $? = 1
configure: failed program was:
| /* confdefs.h */
| #define PACKAGE_NAME "FASTX Toolkit"
| #define PACKAGE_TARNAME "fastx_toolkit"
| #define PACKAGE_VERSION "0.0.14"
| #define PACKAGE_STRING "FASTX Toolkit 0.0.14"
| #define PACKAGE_BUGREPORT "Assaf Gordon assafgordon@gmail.com"
| #define PACKAGE_URL ""
| #define PACKAGE "fastx_toolkit"
| #define VERSION "0.0.14"
| /* end confdefs.h.  */
| #include <ac_nonexistent.h>
configure:7150: result: gcc -E
configure:7170: gcc -E  conftest.c
configure:7170: $? = 0
configure:7184: gcc -E  conftest.c
conftest.c:11:28: error: ac_nonexistent.h: No such file or directory
configure:7184: $? = 1
configure: failed program was:
| /* confdefs.h */
| #define PACKAGE_NAME "FASTX Toolkit"
| #define PACKAGE_TARNAME "fastx_toolkit"
| #define PACKAGE_VERSION "0.0.14"
| #define PACKAGE_STRING "FASTX Toolkit 0.0.14"
| #define PACKAGE_BUGREPORT "Assaf Gordon assafgordon@gmail.com"
| #define PACKAGE_URL ""
| #define PACKAGE "fastx_toolkit"
| #define VERSION "0.0.14"
| /* end confdefs.h.  */
| #include <ac_nonexistent.h>
configure:7213: checking for ANSI C header files
configure:7233: gcc -c -g -O2  conftest.c >&5
configure:7233: $? = 0
configure:7306: gcc -o conftest -g -O2   conftest.c  >&5
configure:7306: $? = 0
configure:7306: ./conftest
configure:7306: $? = 0
configure:7317: result: yes
configure:7330: checking for sys/types.h
configure:7330: gcc -c -g -O2  conftest.c >&5
configure:7330: $? = 0
configure:7330: result: yes
configure:7330: checking for sys/stat.h
configure:7330: gcc -c -g -O2  conftest.c >&5
configure:7330: $? = 0
configure:7330: result: yes
configure:7330: checking for stdlib.h
configure:7330: gcc -c -g -O2  conftest.c >&5
configure:7330: $? = 0
configure:7330: result: yes
configure:7330: checking for string.h
configure:7330: gcc -c -g -O2  conftest.c >&5
configure:7330: $? = 0
configure:7330: result: yes
configure:7330: checking for memory.h
configure:7330: gcc -c -g -O2  conftest.c >&5
configure:7330: $? = 0
configure:7330: result: yes
configure:7330: checking for strings.h
configure:7330: gcc -c -g -O2  conftest.c >&5
configure:7330: $? = 0
configure:7330: result: yes
configure:7330: checking for inttypes.h
configure:7330: gcc -c -g -O2  conftest.c >&5
configure:7330: $? = 0
configure:7330: result: yes
configure:7330: checking for stdint.h
configure:7330: gcc -c -g -O2  conftest.c >&5
configure:7330: $? = 0
configure:7330: result: yes
configure:7330: checking for unistd.h
configure:7330: gcc -c -g -O2  conftest.c >&5
configure:7330: $? = 0
configure:7330: result: yes
configure:7344: checking for dlfcn.h
configure:7344: gcc -c -g -O2  conftest.c >&5
configure:7344: $? = 0
configure:7344: result: yes
configure:7469: checking for C++ compiler version
configure:7478: g++ --version >&5
g++ (GCC) 4.4.7 20120313 (Red Hat 4.4.7-4)
Copyright (C) 2010 Free Software Foundation, Inc.
This is free software; see the source for copying conditions.  There is NO
warranty; not even for MERCHANTABILITY or FITNESS FOR A PARTICULAR PURPOSE.

configure:7489: $? = 0
configure:7478: g++ -v >&5
Using built-in specs.
Target: x86_64-redhat-linux
Configured with: ../configure --prefix=/usr --mandir=/usr/share/man --infodir=/usr/share/info --with-bugurl=http://bugzilla.redhat.com/bugzilla --enable-bootstrap --enable-shared --enable-threads=posix --enable-checking=release --with-system-zlib --enable-__cxa_atexit --disable-libunwind-exceptions --enable-gnu-unique-object --enable-languages=c,c++,objc,obj-c++,java,fortran,ada --enable-java-awt=gtk --disable-dssi --with-java-home=/usr/lib/jvm/java-1.5.0-gcj-1.5.0.0/jre --enable-libgcj-multifile --enable-java-maintainer-mode --with-ecj-jar=/usr/share/java/eclipse-ecj.jar --disable-libjava-multilib --with-ppl --with-cloog --with-tune=generic --with-arch_32=i686 --build=x86_64-redhat-linux
Thread model: posix
gcc version 4.4.7 20120313 (Red Hat 4.4.7-4) (GCC) 
configure:7489: $? = 0
configure:7478: g++ -V >&5
g++: '-V' option must have argument
configure:7489: $? = 1
configure:7478: g++ -qversion >&5
g++: unrecognized option '-qversion'
g++: no input files
configure:7489: $? = 1
configure:7493: checking whether we are using the GNU C++ compiler
configure:7521: result: yes
configure:7530: checking whether g++ accepts -g
configure:7591: result: yes
configure:7616: checking dependency style of g++
configure:7727: result: gcc3
configure:7750: checking how to run the C++ preprocessor
configure:7777: g++ -E  conftest.cpp
configure:7777: $? = 0
configure:7791: g++ -E  conftest.cpp
conftest.cpp:22:28: error: ac_nonexistent.h: No such file or directory
configure:7791: $? = 1
configure: failed program was:
| /* confdefs.h */
| #define PACKAGE_NAME "FASTX Toolkit"
| #define PACKAGE_TARNAME "fastx_toolkit"
| #define PACKAGE_VERSION "0.0.14"
| #define PACKAGE_STRING "FASTX Toolkit 0.0.14"
| #define PACKAGE_BUGREPORT "Assaf Gordon assafgordon@gmail.com"
| #define PACKAGE_URL ""
| #define PACKAGE "fastx_toolkit"
| #define VERSION "0.0.14"
| #define STDC_HEADERS 1
| #define HAVE_SYS_TYPES_H 1
| #define HAVE_SYS_STAT_H 1
| #define HAVE_STDLIB_H 1
| #define HAVE_STRING_H 1
| #define HAVE_MEMORY_H 1
| #define HAVE_STRINGS_H 1
| #define HAVE_INTTYPES_H 1
| #define HAVE_STDINT_H 1
| #define HAVE_UNISTD_H 1
| #define HAVE_DLFCN_H 1
| /* end confdefs.h.  */
| #include <ac_nonexistent.h>
configure:7816: result: g++ -E
configure:7836: g++ -E  conftest.cpp
configure:7836: $? = 0
configure:7850: g++ -E  conftest.cpp
conftest.cpp:22:28: error: ac_nonexistent.h: No such file or directory
configure:7850: $? = 1
configure: failed program was:
| /* confdefs.h */
| #define PACKAGE_NAME "FASTX Toolkit"
| #define PACKAGE_TARNAME "fastx_toolkit"
| #define PACKAGE_VERSION "0.0.14"
| #define PACKAGE_STRING "FASTX Toolkit 0.0.14"
| #define PACKAGE_BUGREPORT "Assaf Gordon assafgordon@gmail.com"
| #define PACKAGE_URL ""
| #define PACKAGE "fastx_toolkit"
| #define VERSION "0.0.14"
| #define STDC_HEADERS 1
| #define HAVE_SYS_TYPES_H 1
| #define HAVE_SYS_STAT_H 1
| #define HAVE_STDLIB_H 1
| #define HAVE_STRING_H 1
| #define HAVE_MEMORY_H 1
| #define HAVE_STRINGS_H 1
| #define HAVE_INTTYPES_H 1
| #define HAVE_STDINT_H 1
| #define HAVE_UNISTD_H 1
| #define HAVE_DLFCN_H 1
| /* end confdefs.h.  */
| #include <ac_nonexistent.h>
configure:8056: checking for objdir
configure:8071: result: .libs
configure:8367: checking if gcc supports -fno-rtti -fno-exceptions
configure:8385: gcc -c -g -O2  -fno-rtti -fno-exceptions conftest.c >&5
cc1: warning: command line option "-fno-rtti" is valid for C++/ObjC++ but not for C
configure:8389: $? = 0
configure:8402: result: no
configure:8422: checking for gcc option to produce PIC
configure:8694: result: -fPIC -DPIC
configure:8706: checking if gcc PIC flag -fPIC -DPIC works
configure:8724: gcc -c -g -O2  -fPIC -DPIC -DPIC conftest.c >&5
configure:8728: $? = 0
configure:8741: result: yes
configure:8765: checking if gcc static flag -static works
configure:8793: result: no
configure:8808: checking if gcc supports -c -o file.o
configure:8829: gcc -c -g -O2  -o out/conftest2.o conftest.c >&5
configure:8833: $? = 0
configure:8855: result: yes
configure:8863: checking if gcc supports -c -o file.o
configure:8910: result: yes
configure:8943: checking whether the gcc linker (/usr/bin/ld -m elf_x86_64) supports shared libraries
configure:9934: result: yes
configure:9971: checking whether -lc should be explicitly linked in
configure:9976: gcc -c -g -O2  conftest.c >&5
configure:9979: $? = 0
configure:9994: gcc -shared conftest.o  -v -Wl,-soname -Wl,conftest -o conftest 2\>\&1 \| /bin/grep  -lc  \>/dev/null 2\>\&1
configure:9997: $? = 0
configure:10009: result: no
configure:10173: checking dynamic linker characteristics
configure:10606: gcc -o conftest -g -O2   -Wl,-rpath -Wl,/foo conftest.c  >&5
configure:10606: $? = 0
configure:10836: result: GNU/Linux ld.so
configure:10938: checking how to hardcode library paths into programs
configure:10963: result: immediate
configure:11483: checking whether stripping libraries is possible
configure:11488: result: yes
configure:11523: checking if libtool supports shared libraries
configure:11525: result: yes
configure:11528: checking whether to build shared libraries
configure:11549: result: yes
configure:11552: checking whether to build static libraries
configure:11556: result: yes
configure:11706: checking for ld used by g++
configure:11773: result: /usr/bin/ld -m elf_x86_64
configure:11780: checking if the linker (/usr/bin/ld -m elf_x86_64) is GNU ld
configure:11795: result: yes
configure:11850: checking whether the g++ linker (/usr/bin/ld -m elf_x86_64) supports shared libraries
configure:12763: result: yes
configure:12791: g++ -c -g -O2  conftest.cpp >&5
configure:12794: $? = 0
configure:12976: checking for g++ option to produce PIC
configure:13293: result: -fPIC -DPIC
configure:13302: checking if g++ PIC flag -fPIC -DPIC works
configure:13320: g++ -c -g -O2  -fPIC -DPIC -DPIC conftest.cpp >&5
configure:13324: $? = 0
configure:13337: result: yes
configure:13358: checking if g++ static flag -static works
configure:13386: result: no
configure:13398: checking if g++ supports -c -o file.o
configure:13419: g++ -c -g -O2  -o out/conftest2.o conftest.cpp >&5
configure:13423: $? = 0
configure:13445: result: yes
configure:13450: checking if g++ supports -c -o file.o
configure:13497: result: yes
configure:13527: checking whether the g++ linker (/usr/bin/ld -m elf_x86_64) supports shared libraries
configure:13556: result: yes
configure:13693: checking dynamic linker characteristics
configure:14074: g++ -o conftest -g -O2   -Wl,-rpath -Wl,/foo conftest.cpp  >&5
configure:14074: $? = 0
configure:14304: result: GNU/Linux ld.so
configure:14355: checking how to hardcode library paths into programs
configure:14380: result: immediate
configure:14438: checking for long long int
configure:14465: result: yes
configure:14474: checking for ISO C++ TR1 include files
configure:14499: g++ -c -g -O2  conftest.cpp >&5
configure:14499: $? = 0
configure:14513: result: yes
configure:14528: checking whether g++ supports C++11 features by default
configure:14554: g++ -c -g -O2  conftest.cpp >&5
conftest.cpp:29: error: expected identifier before 'sizeof'
conftest.cpp:29: error: expected ',' or '...' before 'sizeof'
conftest.cpp:29: error: ISO C++ forbids declaration of 'static_assert' with no type
conftest.cpp:32: error: '>>' should be '> >' within a nested template argument list
conftest.cpp:35: error: expected constructor, destructor, or type conversion before '(' token
conftest.cpp:39: error: expected unqualified-id before '&&' token
conftest.cpp:41: error: ISO C++ forbids declaration of 'd' with no type
conftest.cpp:41: error: top-level declaration of 'd' specifies 'auto'
configure:14554: $? = 1
configure: failed program was:
| /* confdefs.h */
| #define PACKAGE_NAME "FASTX Toolkit"
| #define PACKAGE_TARNAME "fastx_toolkit"
| #define PACKAGE_VERSION "0.0.14"
| #define PACKAGE_STRING "FASTX Toolkit 0.0.14"
| #define PACKAGE_BUGREPORT "Assaf Gordon assafgordon@gmail.com"
| #define PACKAGE_URL ""
| #define PACKAGE "fastx_toolkit"
| #define VERSION "0.0.14"
| #define STDC_HEADERS 1
| #define HAVE_SYS_TYPES_H 1
| #define HAVE_SYS_STAT_H 1
| #define HAVE_STDLIB_H 1
| #define HAVE_STRING_H 1
| #define HAVE_MEMORY_H 1
| #define HAVE_STRINGS_H 1
| #define HAVE_INTTYPES_H 1
| #define HAVE_STDINT_H 1
| #define HAVE_UNISTD_H 1
| #define HAVE_DLFCN_H 1
| #define LT_OBJDIR ".libs/"
| #define HAVE_LONG_LONG 1
| #define STDCXX_TR1_HEADERS /**/
| /* end confdefs.h.  */
| 
|   template <typename T>
|     struct check
|     {
|       static_assert(sizeof(int) <= sizeof(T), "not big enough");
|     };
| 
|     typedef check<check<bool>> right_angle_brackets;
| 
|     int a;
|     decltype(a) b;
| 
|     typedef check<int> check_type;
|     check_type c;
|     check_type&& cr = static_cast<check_type&&>(c);
| 
|     auto d = a;
| 
configure:14561: result: no
configure:14572: checking whether g++ supports C++11 features with -std=c++11
configure:14600: g++ -c -g -O2 -std=c++11  conftest.cpp >&5
cc1plus: error: unrecognized command line option "-std=c++11"
configure:14600: $? = 1
configure: failed program was:
| /* confdefs.h */
| #define PACKAGE_NAME "FASTX Toolkit"
| #define PACKAGE_TARNAME "fastx_toolkit"
| #define PACKAGE_VERSION "0.0.14"
| #define PACKAGE_STRING "FASTX Toolkit 0.0.14"
| #define PACKAGE_BUGREPORT "Assaf Gordon assafgordon@gmail.com"
| #define PACKAGE_URL ""
| #define PACKAGE "fastx_toolkit"
| #define VERSION "0.0.14"
| #define STDC_HEADERS 1
| #define HAVE_SYS_TYPES_H 1
| #define HAVE_SYS_STAT_H 1
| #define HAVE_STDLIB_H 1
| #define HAVE_STRING_H 1
| #define HAVE_MEMORY_H 1
| #define HAVE_STRINGS_H 1
| #define HAVE_INTTYPES_H 1
| #define HAVE_STDINT_H 1
| #define HAVE_UNISTD_H 1
| #define HAVE_DLFCN_H 1
| #define LT_OBJDIR ".libs/"
| #define HAVE_LONG_LONG 1
| #define STDCXX_TR1_HEADERS /**/
| /* end confdefs.h.  */
| 
|   template <typename T>
|     struct check
|     {
|       static_assert(sizeof(int) <= sizeof(T), "not big enough");
|     };
| 
|     typedef check<check<bool>> right_angle_brackets;
| 
|     int a;
|     decltype(a) b;
| 
|     typedef check<int> check_type;
|     check_type c;
|     check_type&& cr = static_cast<check_type&&>(c);
| 
|     auto d = a;
| 
configure:14609: result: no
configure:14572: checking whether g++ supports C++11 features with -std=c++0x
configure:14600: g++ -c -g -O2 -std=c++0x  conftest.cpp >&5
configure:14600: $? = 0
configure:14609: result: yes
configure:14694: checking for pkg-config
configure:14712: found /usr/bin/pkg-config
configure:14724: result: /usr/bin/pkg-config
configure:14749: checking pkg-config is at least version 0.9.0
configure:14752: result: yes
configure:14763: checking for GTEXTUTILS
configure:14771: $PKG_CONFIG --exists --print-errors "gtextutils"
Package gtextutils was not found in the pkg-config search path.
Perhaps you should add the directory containing `gtextutils.pc'
to the PKG_CONFIG_PATH environment variable
No package 'gtextutils' found
configure:14774: $? = 1
configure:14789: $PKG_CONFIG --exists --print-errors "gtextutils"
Package gtextutils was not found in the pkg-config search path.
Perhaps you should add the directory containing `gtextutils.pc'
to the PKG_CONFIG_PATH environment variable
No package 'gtextutils' found
configure:14792: $? = 1
No package 'gtextutils' found
configure:14820: error: Package requirements (gtextutils) were not met:

No package 'gtextutils' found

Consider adjusting the PKG_CONFIG_PATH environment variable if you
installed software in a non-standard prefix.

Alternatively, you may set the environment variables GTEXTUTILS_CFLAGS
and GTEXTUTILS_LIBS to avoid the need to call pkg-config.
See the pkg-config man page for more details.


## ---------------- ##
## Cache variables. ##
## ---------------- ##

ac_cv_build=x86_64-unknown-linux-gnu
ac_cv_c_compiler_gnu=yes
ac_cv_c_long_long=yes
ac_cv_cxx_compiler_gnu=yes
ac_cv_env_CCC_set=
ac_cv_env_CCC_value=
ac_cv_env_CC_set=
ac_cv_env_CC_value=
ac_cv_env_CFLAGS_set=
ac_cv_env_CFLAGS_value=
ac_cv_env_CPPFLAGS_set=
ac_cv_env_CPPFLAGS_value=
ac_cv_env_CPP_set=
ac_cv_env_CPP_value=
ac_cv_env_CXXCPP_set=
ac_cv_env_CXXCPP_value=
ac_cv_env_CXXFLAGS_set=
ac_cv_env_CXXFLAGS_value=
ac_cv_env_CXX_set=
ac_cv_env_CXX_value=
ac_cv_env_GTEXTUTILS_CFLAGS_set=
ac_cv_env_GTEXTUTILS_CFLAGS_value=
ac_cv_env_GTEXTUTILS_LIBS_set=
ac_cv_env_GTEXTUTILS_LIBS_value=
ac_cv_env_LDFLAGS_set=
ac_cv_env_LDFLAGS_value=
ac_cv_env_LIBS_set=
ac_cv_env_LIBS_value=
ac_cv_env_PKG_CONFIG_set=
ac_cv_env_PKG_CONFIG_value=
ac_cv_env_build_alias_set=
ac_cv_env_build_alias_value=
ac_cv_env_host_alias_set=
ac_cv_env_host_alias_value=
ac_cv_env_target_alias_set=
ac_cv_env_target_alias_value=
ac_cv_header_dlfcn_h=yes
ac_cv_header_inttypes_h=yes
ac_cv_header_memory_h=yes
ac_cv_header_stdc=yes
ac_cv_header_stdint_h=yes
ac_cv_header_stdlib_h=yes
ac_cv_header_string_h=yes
ac_cv_header_strings_h=yes
ac_cv_header_sys_stat_h=yes
ac_cv_header_sys_types_h=yes
ac_cv_header_unistd_h=yes
ac_cv_host=x86_64-unknown-linux-gnu
ac_cv_objext=o
ac_cv_path_EGREP='/bin/grep -E'
ac_cv_path_FGREP='/bin/grep -F'
ac_cv_path_GREP=/bin/grep
ac_cv_path_SED=/bin/sed
ac_cv_path_ac_pt_PKG_CONFIG=/usr/bin/pkg-config
ac_cv_path_install='/usr/bin/install -c'
ac_cv_path_mkdir=/bin/mkdir
ac_cv_prog_AWK=gawk
ac_cv_prog_CPP='gcc -E'
ac_cv_prog_CXXCPP='g++ -E'
ac_cv_prog_ac_ct_AR=ar
ac_cv_prog_ac_ct_CC=gcc
ac_cv_prog_ac_ct_CXX=g++
ac_cv_prog_ac_ct_OBJDUMP=objdump
ac_cv_prog_ac_ct_RANLIB=ranlib
ac_cv_prog_ac_ct_STRIP=strip
ac_cv_prog_cc_c89=
ac_cv_prog_cc_g=yes
ac_cv_prog_cxx_g=yes
ac_cv_prog_make_make_set=yes
am_cv_CC_dependencies_compiler_type=gcc3
am_cv_CXX_dependencies_compiler_type=gcc3
am_cv_make_support_nested_variables=yes
am_cv_prog_cc_c_o=yes
ax_cv_cxx_compile_cxx11=no
ax_cv_cxx_compile_cxx11__std_cpp0x=yes
ax_cv_cxx_compile_cxx11__std_cpp11=no
ax_cv_cxx_stdcxx_tr1=yes
lt_cv_deplibs_check_method=pass_all
lt_cv_file_magic_cmd='$MAGIC_CMD'
lt_cv_file_magic_test_file=
lt_cv_ld_reload_flag=-r
lt_cv_nm_interface='BSD nm'
lt_cv_objdir=.libs
lt_cv_path_LD=/usr/bin/ld
lt_cv_path_LDCXX='/usr/bin/ld -m elf_x86_64'
lt_cv_path_NM='/usr/bin/nm -B'
lt_cv_prog_compiler_c_o=yes
lt_cv_prog_compiler_c_o_CXX=yes
lt_cv_prog_compiler_pic_works=yes
lt_cv_prog_compiler_pic_works_CXX=yes
lt_cv_prog_compiler_rtti_exceptions=no
lt_cv_prog_compiler_static_works=no
lt_cv_prog_compiler_static_works_CXX=no
lt_cv_prog_gnu_ld=yes
lt_cv_prog_gnu_ldcxx=yes
lt_cv_sys_global_symbol_pipe='sed -n -e '\''s/^.*[	 ]\([ABCDGIRSTW][ABCDGIRSTW]*\)[	 ][	 ]*\([_A-Za-z][_A-Za-z0-9]*\)$/\1 \2 \2/p'\'''
lt_cv_sys_global_symbol_to_c_name_address='sed -n -e '\''s/^: \([^ ]*\) $/  {\"\1\", (void *) 0},/p'\'' -e '\''s/^[ABCDGIRSTW]* \([^ ]*\) \([^ ]*\)$/  {"\2", (void *) \&\2},/p'\'''
lt_cv_sys_global_symbol_to_c_name_address_lib_prefix='sed -n -e '\''s/^: \([^ ]*\) $/  {\"\1\", (void *) 0},/p'\'' -e '\''s/^[ABCDGIRSTW]* \([^ ]*\) \(lib[^ ]*\)$/  {"\2", (void *) \&\2},/p'\'' -e '\''s/^[ABCDGIRSTW]* \([^ ]*\) \([^ ]*\)$/  {"lib\2", (void *) \&\2},/p'\'''
lt_cv_sys_global_symbol_to_cdecl='sed -n -e '\''s/^T .* \(.*\)$/extern int \1();/p'\'' -e '\''s/^[ABCDGIRSTW]* .* \(.*\)$/extern char \1;/p'\'''
lt_cv_sys_max_cmd_len=960000000

## ----------------- ##
## Output variables. ##
## ----------------- ##

ACLOCAL='${SHELL} /projects/rebe4957/gbs/programs/fastx_toolkit-0.0.14/config/missing aclocal-1.14'
AMDEPBACKSLASH='\'
AMDEP_FALSE='#'
AMDEP_TRUE=''
AMTAR='$${TAR-tar}'
AM_BACKSLASH='\'
AM_DEFAULT_V='$(AM_DEFAULT_VERBOSITY)'
AM_DEFAULT_VERBOSITY='1'
AM_V='$(V)'
AR='ar'
AUTOCONF='${SHELL} /projects/rebe4957/gbs/programs/fastx_toolkit-0.0.14/config/missing autoconf'
AUTOHEADER='${SHELL} /projects/rebe4957/gbs/programs/fastx_toolkit-0.0.14/config/missing autoheader'
AUTOMAKE='${SHELL} /projects/rebe4957/gbs/programs/fastx_toolkit-0.0.14/config/missing automake-1.14'
AWK='gawk'
CC='gcc'
CCDEPMODE='depmode=gcc3'
CFLAGS='-g -O2'
CPP='gcc -E'
CPPFLAGS=''
CXX='g++'
CXXCPP='g++ -E'
CXXDEPMODE='depmode=gcc3'
CXXFLAGS='-g -O2 -std=c++0x'
CYGPATH_W='echo'
DEFS=''
DEPDIR='.deps'
DSYMUTIL=''
DUMPBIN=''
ECHO_C=''
ECHO_N='-n'
ECHO_T=''
EGREP='/bin/grep -E'
EXEEXT=''
FGREP='/bin/grep -F'
GREP='/bin/grep'
GTEXTUTILS_CFLAGS=''
GTEXTUTILS_LIBS=''
HAVE_CXX11='1'
INSTALL_DATA='${INSTALL} -m 644'
INSTALL_PROGRAM='${INSTALL}'
INSTALL_SCRIPT='${INSTALL}'
INSTALL_STRIP_PROGRAM='$(install_sh) -c -s'
LD='/usr/bin/ld -m elf_x86_64'
LDFLAGS=''
LIBOBJS=''
LIBS=''
LIBTOOL='$(SHELL) $(top_builddir)/libtool'
LIPO=''
LN_S='ln -s'
LTLIBOBJS=''
LT_LDFLAGS=''
MAKEINFO='${SHELL} /projects/rebe4957/gbs/programs/fastx_toolkit-0.0.14/config/missing makeinfo'
MKDIR_P='/bin/mkdir -p'
NM='/usr/bin/nm -B'
NMEDIT=''
OBJDUMP='objdump'
OBJEXT='o'
OTOOL64=''
OTOOL=''
PACKAGE='fastx_toolkit'
PACKAGE_BUGREPORT='Assaf Gordon assafgordon@gmail.com'
PACKAGE_NAME='FASTX Toolkit'
PACKAGE_STRING='FASTX Toolkit 0.0.14'
PACKAGE_TARNAME='fastx_toolkit'
PACKAGE_URL=''
PACKAGE_VERSION='0.0.14'
PATH_SEPARATOR=':'
PKG_CONFIG='/usr/bin/pkg-config'
RANLIB='ranlib'
SED='/bin/sed'
SET_MAKE=''
SHELL='/bin/sh'
STRIP='strip'
VERSION='0.0.14'
ac_ct_CC='gcc'
ac_ct_CXX='g++'
ac_ct_DUMPBIN=''
am__EXEEXT_FALSE=''
am__EXEEXT_TRUE=''
am__fastdepCC_FALSE='#'
am__fastdepCC_TRUE=''
am__fastdepCXX_FALSE='#'
am__fastdepCXX_TRUE=''
am__include='include'
am__isrc=''
am__leading_dot='.'
am__nodep='_no'
am__quote=''
am__tar='$${TAR-tar} chof - "$$tardir"'
am__untar='$${TAR-tar} xf -'
bindir='${exec_prefix}/bin'
build='x86_64-unknown-linux-gnu'
build_alias=''
build_cpu='x86_64'
build_os='linux-gnu'
build_vendor='unknown'
datadir='${datarootdir}'
datarootdir='${prefix}/share'
docdir='${datarootdir}/doc/${PACKAGE_TARNAME}'
dvidir='${docdir}'
exec_prefix='NONE'
host='x86_64-unknown-linux-gnu'
host_alias=''
host_cpu='x86_64'
host_os='linux-gnu'
host_vendor='unknown'
htmldir='${docdir}'
includedir='${prefix}/include'
infodir='${datarootdir}/info'
install_sh='${SHELL} /projects/rebe4957/gbs/programs/fastx_toolkit-0.0.14/config/install-sh'
libdir='${exec_prefix}/lib'
libexecdir='${exec_prefix}/libexec'
localedir='${datarootdir}/locale'
localstatedir='${prefix}/var'
lt_ECHO='echo'
mandir='${datarootdir}/man'
mkdir_p='$(MKDIR_P)'
oldincludedir='/usr/include'
pdfdir='${docdir}'
prefix='NONE'
program_transform_name='s,x,x,'
psdir='${docdir}'
sbindir='${exec_prefix}/sbin'
sharedstatedir='${prefix}/com'
sysconfdir='${prefix}/etc'
target_alias=''

## ----------- ##
## confdefs.h. ##
## ----------- ##

/* confdefs.h */
#define PACKAGE_NAME "FASTX Toolkit"
#define PACKAGE_TARNAME "fastx_toolkit"
#define PACKAGE_VERSION "0.0.14"
#define PACKAGE_STRING "FASTX Toolkit 0.0.14"
#define PACKAGE_BUGREPORT "Assaf Gordon assafgordon@gmail.com"
#define PACKAGE_URL ""
#define PACKAGE "fastx_toolkit"
#define VERSION "0.0.14"
#define STDC_HEADERS 1
#define HAVE_SYS_TYPES_H 1
#define HAVE_SYS_STAT_H 1
#define HAVE_STDLIB_H 1
#define HAVE_STRING_H 1
#define HAVE_MEMORY_H 1
#define HAVE_STRINGS_H 1
#define HAVE_INTTYPES_H 1
#define HAVE_STDINT_H 1
#define HAVE_UNISTD_H 1
#define HAVE_DLFCN_H 1
#define LT_OBJDIR ".libs/"
#define HAVE_LONG_LONG 1
#define STDCXX_TR1_HEADERS /**/
#define HAVE_CXX11 1

configure: exit 1
