This file contains any messages produced by compilers while
running configure, to aid debugging if configure makes a mistake.

It was created by Stacks configure 1.40, which was
generated by GNU Autoconf 2.69.  Invocation command line was

  $ ./configure --prefix=/projects/rebe4957/gbs/programs

## --------- ##
## Platform. ##
## --------- ##

hostname = login04.rc.colorado.edu
uname -m = x86_64
uname -r = 2.6.32-431.5.1.el6.x86_64
uname -s = Linux
uname -v = #1 SMP Fri Jan 10 14:46:43 EST 2014

/usr/bin/uname -p = unknown
/bin/uname -X     = unknown

/bin/arch              = x86_64
/usr/bin/arch -k       = unknown
/usr/convex/getsysinfo = unknown
/usr/bin/hostinfo      = unknown
/bin/machine           = unknown
/usr/bin/oslevel       = unknown
/bin/universe          = unknown

PATH: /usr/local/bin
PATH: /bin
PATH: /usr/bin
PATH: /usr/local/sbin
PATH: /usr/sbin
PATH: /sbin


## ----------- ##
## Core tests. ##
## ----------- ##

configure:2309: checking for a BSD-compatible install
configure:2377: result: /usr/bin/install -c
configure:2388: checking whether build environment is sane
configure:2443: result: yes
configure:2594: checking for a thread-safe mkdir -p
configure:2633: result: /bin/mkdir -p
configure:2640: checking for gawk
configure:2656: found /bin/gawk
configure:2667: result: gawk
configure:2678: checking whether make sets $(MAKE)
configure:2700: result: yes
configure:2729: checking whether make supports nested variables
configure:2746: result: yes
configure:2996: checking for g++
configure:3012: found /usr/bin/g++
configure:3023: result: g++
configure:3050: checking for C++ compiler version
configure:3059: g++ --version >&5
g++ (GCC) 4.4.7 20120313 (Red Hat 4.4.7-4)
Copyright (C) 2010 Free Software Foundation, Inc.
This is free software; see the source for copying conditions.  There is NO
warranty; not even for MERCHANTABILITY or FITNESS FOR A PARTICULAR PURPOSE.

configure:3070: $? = 0
configure:3059: g++ -v >&5
Using built-in specs.
Target: x86_64-redhat-linux
Configured with: ../configure --prefix=/usr --mandir=/usr/share/man --infodir=/usr/share/info --with-bugurl=http://bugzilla.redhat.com/bugzilla --enable-bootstrap --enable-shared --enable-threads=posix --enable-checking=release --with-system-zlib --enable-__cxa_atexit --disable-libunwind-exceptions --enable-gnu-unique-object --enable-languages=c,c++,objc,obj-c++,java,fortran,ada --enable-java-awt=gtk --disable-dssi --with-java-home=/usr/lib/jvm/java-1.5.0-gcj-1.5.0.0/jre --enable-libgcj-multifile --enable-java-maintainer-mode --with-ecj-jar=/usr/share/java/eclipse-ecj.jar --disable-libjava-multilib --with-ppl --with-cloog --with-tune=generic --with-arch_32=i686 --build=x86_64-redhat-linux
Thread model: posix
gcc version 4.4.7 20120313 (Red Hat 4.4.7-4) (GCC) 
configure:3070: $? = 0
configure:3059: g++ -V >&5
g++: '-V' option must have argument
configure:3070: $? = 1
configure:3059: g++ -qversion >&5
g++: unrecognized option '-qversion'
g++: no input files
configure:3070: $? = 1
configure:3090: checking whether the C++ compiler works
configure:3112: g++    conftest.cpp  >&5
configure:3116: $? = 0
configure:3164: result: yes
configure:3167: checking for C++ compiler default output file name
configure:3169: result: a.out
configure:3175: checking for suffix of executables
configure:3182: g++ -o conftest    conftest.cpp  >&5
configure:3186: $? = 0
configure:3208: result: 
configure:3230: checking whether we are cross compiling
configure:3238: g++ -o conftest    conftest.cpp  >&5
configure:3242: $? = 0
configure:3249: ./conftest
configure:3253: $? = 0
configure:3268: result: no
configure:3273: checking for suffix of object files
configure:3295: g++ -c   conftest.cpp >&5
configure:3299: $? = 0
configure:3320: result: o
configure:3324: checking whether we are using the GNU C++ compiler
configure:3343: g++ -c   conftest.cpp >&5
configure:3343: $? = 0
configure:3352: result: yes
configure:3361: checking whether g++ accepts -g
configure:3381: g++ -c -g  conftest.cpp >&5
configure:3381: $? = 0
configure:3422: result: yes
configure:3456: checking for style of include used by make
configure:3484: result: GNU
configure:3510: checking dependency style of g++
configure:3621: result: gcc3
configure:3684: checking for gcc
configure:3700: found /usr/bin/gcc
configure:3711: result: gcc
configure:3940: checking for C compiler version
configure:3949: gcc --version >&5
gcc (GCC) 4.4.7 20120313 (Red Hat 4.4.7-4)
Copyright (C) 2010 Free Software Foundation, Inc.
This is free software; see the source for copying conditions.  There is NO
warranty; not even for MERCHANTABILITY or FITNESS FOR A PARTICULAR PURPOSE.

configure:3960: $? = 0
configure:3949: gcc -v >&5
Using built-in specs.
Target: x86_64-redhat-linux
Configured with: ../configure --prefix=/usr --mandir=/usr/share/man --infodir=/usr/share/info --with-bugurl=http://bugzilla.redhat.com/bugzilla --enable-bootstrap --enable-shared --enable-threads=posix --enable-checking=release --with-system-zlib --enable-__cxa_atexit --disable-libunwind-exceptions --enable-gnu-unique-object --enable-languages=c,c++,objc,obj-c++,java,fortran,ada --enable-java-awt=gtk --disable-dssi --with-java-home=/usr/lib/jvm/java-1.5.0-gcj-1.5.0.0/jre --enable-libgcj-multifile --enable-java-maintainer-mode --with-ecj-jar=/usr/share/java/eclipse-ecj.jar --disable-libjava-multilib --with-ppl --with-cloog --with-tune=generic --with-arch_32=i686 --build=x86_64-redhat-linux
Thread model: posix
gcc version 4.4.7 20120313 (Red Hat 4.4.7-4) (GCC) 
configure:3960: $? = 0
configure:3949: gcc -V >&5
gcc: '-V' option must have argument
configure:3960: $? = 1
configure:3949: gcc -qversion >&5
gcc: unrecognized option '-qversion'
gcc: no input files
configure:3960: $? = 1
configure:3964: checking whether we are using the GNU C compiler
configure:3983: gcc -c   conftest.c >&5
configure:3983: $? = 0
configure:3992: result: yes
configure:4001: checking whether gcc accepts -g
configure:4021: gcc -c -g  conftest.c >&5
configure:4021: $? = 0
configure:4062: result: yes
configure:4079: checking for gcc option to accept ISO C89
configure:4142: gcc  -c -g -O2  conftest.c >&5
configure:4142: $? = 0
configure:4155: result: none needed
configure:4180: checking whether gcc understands -c and -o together
configure:4202: gcc -c conftest.c -o conftest2.o
configure:4205: $? = 0
configure:4202: gcc -c conftest.c -o conftest2.o
configure:4205: $? = 0
configure:4217: result: yes
configure:4236: checking dependency style of gcc
configure:4347: result: gcc3
configure:4371: checking whether g++ supports C++11 features by default
configure:4397: g++ -c -g -O2  conftest.cpp >&5
conftest.cpp:15: error: expected identifier before 'sizeof'
conftest.cpp:15: error: expected ',' or '...' before 'sizeof'
conftest.cpp:15: error: ISO C++ forbids declaration of 'static_assert' with no type
conftest.cpp:18: error: '>>' should be '> >' within a nested template argument list
conftest.cpp:21: error: expected constructor, destructor, or type conversion before '(' token
conftest.cpp:25: error: expected unqualified-id before '&&' token
conftest.cpp:27: error: ISO C++ forbids declaration of 'd' with no type
conftest.cpp:27: error: top-level declaration of 'd' specifies 'auto'
configure:4397: $? = 1
configure: failed program was:
| /* confdefs.h */
| #define PACKAGE_NAME "Stacks"
| #define PACKAGE_TARNAME "stacks"
| #define PACKAGE_VERSION "1.40"
| #define PACKAGE_STRING "Stacks 1.40"
| #define PACKAGE_BUGREPORT ""
| #define PACKAGE_URL ""
| #define PACKAGE "stacks"
| #define VERSION "1.40"
| /* end confdefs.h.  */
| 
|   template <typename T>
|     struct check
|     {
|       static_assert(sizeof(int) <= sizeof(T), "not big enough");
|     };
| 
|     typedef check<check<bool>> right_angle_brackets;
| 
|     int a;
|     decltype(a) b;
| 
|     typedef check<int> check_type;
|     check_type c;
|     check_type&& cr = static_cast<check_type&&>(c);
| 
|     auto d = a;
| 
configure:4404: result: no
configure:4413: checking whether g++ supports C++11 features with -std=gnu++11
configure:4441: g++ -c -g -O2 -std=gnu++11  conftest.cpp >&5
cc1plus: error: unrecognized command line option "-std=gnu++11"
configure:4441: $? = 1
configure: failed program was:
| /* confdefs.h */
| #define PACKAGE_NAME "Stacks"
| #define PACKAGE_TARNAME "stacks"
| #define PACKAGE_VERSION "1.40"
| #define PACKAGE_STRING "Stacks 1.40"
| #define PACKAGE_BUGREPORT ""
| #define PACKAGE_URL ""
| #define PACKAGE "stacks"
| #define VERSION "1.40"
| /* end confdefs.h.  */
| 
|   template <typename T>
|     struct check
|     {
|       static_assert(sizeof(int) <= sizeof(T), "not big enough");
|     };
| 
|     typedef check<check<bool>> right_angle_brackets;
| 
|     int a;
|     decltype(a) b;
| 
|     typedef check<int> check_type;
|     check_type c;
|     check_type&& cr = static_cast<check_type&&>(c);
| 
|     auto d = a;
| 
configure:4450: result: no
configure:4413: checking whether g++ supports C++11 features with -std=gnu++0x
configure:4441: g++ -c -g -O2 -std=gnu++0x  conftest.cpp >&5
configure:4441: $? = 0
configure:4450: result: yes
configure:4537: checking for omp_set_num_threads in -lgomp
configure:4562: gcc -o conftest -g -O2   conftest.c -lgomp   >&5
configure:4562: $? = 0
configure:4571: result: yes
configure:4585: checking for gzread in -lz
configure:4610: gcc -o conftest -g -O2   conftest.c -lz  -lgomp  >&5
configure:4610: $? = 0
configure:4619: result: yes
configure:4637: checking for dirent.h that defines DIR
configure:4656: gcc -c -g -O2  conftest.c >&5
configure:4656: $? = 0
configure:4664: result: yes
configure:4677: checking for library containing opendir
configure:4708: gcc -o conftest -g -O2   conftest.c -lz -lgomp  >&5
configure:4708: $? = 0
configure:4725: result: none required
configure:4797: checking how to run the C preprocessor
configure:4828: gcc -E  conftest.c
configure:4828: $? = 0
configure:4842: gcc -E  conftest.c
conftest.c:15:28: error: ac_nonexistent.h: No such file or directory
configure:4842: $? = 1
configure: failed program was:
| /* confdefs.h */
| #define PACKAGE_NAME "Stacks"
| #define PACKAGE_TARNAME "stacks"
| #define PACKAGE_VERSION "1.40"
| #define PACKAGE_STRING "Stacks 1.40"
| #define PACKAGE_BUGREPORT ""
| #define PACKAGE_URL ""
| #define PACKAGE "stacks"
| #define VERSION "1.40"
| #define HAVE_CXX11 1
| #define HAVE_LIBGOMP 1
| #define HAVE_LIBZ 1
| #define HAVE_DIRENT_H 1
| /* end confdefs.h.  */
| #include <ac_nonexistent.h>
configure:4867: result: gcc -E
configure:4887: gcc -E  conftest.c
configure:4887: $? = 0
configure:4901: gcc -E  conftest.c
conftest.c:15:28: error: ac_nonexistent.h: No such file or directory
configure:4901: $? = 1
configure: failed program was:
| /* confdefs.h */
| #define PACKAGE_NAME "Stacks"
| #define PACKAGE_TARNAME "stacks"
| #define PACKAGE_VERSION "1.40"
| #define PACKAGE_STRING "Stacks 1.40"
| #define PACKAGE_BUGREPORT ""
| #define PACKAGE_URL ""
| #define PACKAGE "stacks"
| #define VERSION "1.40"
| #define HAVE_CXX11 1
| #define HAVE_LIBGOMP 1
| #define HAVE_LIBZ 1
| #define HAVE_DIRENT_H 1
| /* end confdefs.h.  */
| #include <ac_nonexistent.h>
configure:4930: checking for grep that handles long lines and -e
configure:4988: result: /bin/grep
configure:4993: checking for egrep
configure:5055: result: /bin/grep -E
configure:5060: checking for ANSI C header files
configure:5080: gcc -c -g -O2  conftest.c >&5
configure:5080: $? = 0
configure:5153: gcc -o conftest -g -O2   conftest.c -lz -lgomp  >&5
configure:5153: $? = 0
configure:5153: ./conftest
configure:5153: $? = 0
configure:5164: result: yes
configure:5177: checking for sys/types.h
configure:5177: gcc -c -g -O2  conftest.c >&5
configure:5177: $? = 0
configure:5177: result: yes
configure:5177: checking for sys/stat.h
configure:5177: gcc -c -g -O2  conftest.c >&5
configure:5177: $? = 0
configure:5177: result: yes
configure:5177: checking for stdlib.h
configure:5177: gcc -c -g -O2  conftest.c >&5
configure:5177: $? = 0
configure:5177: result: yes
configure:5177: checking for string.h
configure:5177: gcc -c -g -O2  conftest.c >&5
configure:5177: $? = 0
configure:5177: result: yes
configure:5177: checking for memory.h
configure:5177: gcc -c -g -O2  conftest.c >&5
configure:5177: $? = 0
configure:5177: result: yes
configure:5177: checking for strings.h
configure:5177: gcc -c -g -O2  conftest.c >&5
configure:5177: $? = 0
configure:5177: result: yes
configure:5177: checking for inttypes.h
configure:5177: gcc -c -g -O2  conftest.c >&5
configure:5177: $? = 0
configure:5177: result: yes
configure:5177: checking for stdint.h
configure:5177: gcc -c -g -O2  conftest.c >&5
configure:5177: $? = 0
configure:5177: result: yes
configure:5177: checking for unistd.h
configure:5177: gcc -c -g -O2  conftest.c >&5
configure:5177: $? = 0
configure:5177: result: yes
configure:5192: checking float.h usability
configure:5192: gcc -c -g -O2  conftest.c >&5
configure:5192: $? = 0
configure:5192: result: yes
configure:5192: checking float.h presence
configure:5192: gcc -E  conftest.c
configure:5192: $? = 0
configure:5192: result: yes
configure:5192: checking for float.h
configure:5192: result: yes
configure:5192: checking limits.h usability
configure:5192: gcc -c -g -O2  conftest.c >&5
configure:5192: $? = 0
configure:5192: result: yes
configure:5192: checking limits.h presence
configure:5192: gcc -E  conftest.c
configure:5192: $? = 0
configure:5192: result: yes
configure:5192: checking for limits.h
configure:5192: result: yes
configure:5192: checking for stdlib.h
configure:5192: result: yes
configure:5192: checking for string.h
configure:5192: result: yes
configure:5212: checking for gcc option to support OpenMP
configure:5227: gcc -o conftest -g -O2   conftest.c -lz -lgomp  >&5
conftest.c:31: error: expected '=', ',', ';', 'asm' or '__attribute__' before 'me'
In file included from conftest.c:33:
/usr/lib/gcc/x86_64-redhat-linux/4.4.7/include/omp.h:76: error: expected ')' before '*' token
/usr/lib/gcc/x86_64-redhat-linux/4.4.7/include/omp.h:77: error: expected ')' before '*' token
/usr/lib/gcc/x86_64-redhat-linux/4.4.7/include/omp.h:78: error: expected ')' before '*' token
/usr/lib/gcc/x86_64-redhat-linux/4.4.7/include/omp.h:79: error: expected ')' before '*' token
/usr/lib/gcc/x86_64-redhat-linux/4.4.7/include/omp.h:80: error: expected ')' before '*' token
configure:5227: $? = 1
configure: failed program was:
| /* confdefs.h */
| #define PACKAGE_NAME "Stacks"
| #define PACKAGE_TARNAME "stacks"
| #define PACKAGE_VERSION "1.40"
| #define PACKAGE_STRING "Stacks 1.40"
| #define PACKAGE_BUGREPORT ""
| #define PACKAGE_URL ""
| #define PACKAGE "stacks"
| #define VERSION "1.40"
| #define HAVE_CXX11 1
| #define HAVE_LIBGOMP 1
| #define HAVE_LIBZ 1
| #define HAVE_DIRENT_H 1
| #define STDC_HEADERS 1
| #define HAVE_SYS_TYPES_H 1
| #define HAVE_SYS_STAT_H 1
| #define HAVE_STDLIB_H 1
| #define HAVE_STRING_H 1
| #define HAVE_MEMORY_H 1
| #define HAVE_STRINGS_H 1
| #define HAVE_INTTYPES_H 1
| #define HAVE_STDINT_H 1
| #define HAVE_UNISTD_H 1
| #define HAVE_FLOAT_H 1
| #define HAVE_LIMITS_H 1
| #define HAVE_STDLIB_H 1
| #define HAVE_STRING_H 1
| /* end confdefs.h.  */
| 
| #ifndef _OPENMP
|  choke me
| #endif
| #include <omp.h>
| int main () { return omp_get_num_threads (); }
| 
configure:5245: gcc -o conftest -g -O2 -fopenmp   conftest.c -lz -lgomp  >&5
configure:5245: $? = 0
configure:5259: result: -fopenmp
configure:5272: checking for stdbool.h that conforms to C99
configure:5339: gcc -c -g -O2  conftest.c >&5
configure:5339: $? = 0
configure:5346: result: yes
configure:5348: checking for _Bool
configure:5348: gcc -c -g -O2  conftest.c >&5
configure:5348: $? = 0
configure:5348: gcc -c -g -O2  conftest.c >&5
conftest.c: In function 'main':
conftest.c:65: error: expected expression before ')' token
configure:5348: $? = 1
configure: failed program was:
| /* confdefs.h */
| #define PACKAGE_NAME "Stacks"
| #define PACKAGE_TARNAME "stacks"
| #define PACKAGE_VERSION "1.40"
| #define PACKAGE_STRING "Stacks 1.40"
| #define PACKAGE_BUGREPORT ""
| #define PACKAGE_URL ""
| #define PACKAGE "stacks"
| #define VERSION "1.40"
| #define HAVE_CXX11 1
| #define HAVE_LIBGOMP 1
| #define HAVE_LIBZ 1
| #define HAVE_DIRENT_H 1
| #define STDC_HEADERS 1
| #define HAVE_SYS_TYPES_H 1
| #define HAVE_SYS_STAT_H 1
| #define HAVE_STDLIB_H 1
| #define HAVE_STRING_H 1
| #define HAVE_MEMORY_H 1
| #define HAVE_STRINGS_H 1
| #define HAVE_INTTYPES_H 1
| #define HAVE_STDINT_H 1
| #define HAVE_UNISTD_H 1
| #define HAVE_FLOAT_H 1
| #define HAVE_LIMITS_H 1
| #define HAVE_STDLIB_H 1
| #define HAVE_STRING_H 1
| /* end confdefs.h.  */
| #include <stdio.h>
| #ifdef HAVE_SYS_TYPES_H
| # include <sys/types.h>
| #endif
| #ifdef HAVE_SYS_STAT_H
| # include <sys/stat.h>
| #endif
| #ifdef STDC_HEADERS
| # include <stdlib.h>
| # include <stddef.h>
| #else
| # ifdef HAVE_STDLIB_H
| #  include <stdlib.h>
| # endif
| #endif
| #ifdef HAVE_STRING_H
| # if !defined STDC_HEADERS && defined HAVE_MEMORY_H
| #  include <memory.h>
| # endif
| # include <string.h>
| #endif
| #ifdef HAVE_STRINGS_H
| # include <strings.h>
| #endif
| #ifdef HAVE_INTTYPES_H
| # include <inttypes.h>
| #endif
| #ifdef HAVE_STDINT_H
| # include <stdint.h>
| #endif
| #ifdef HAVE_UNISTD_H
| # include <unistd.h>
| #endif
| int
| main ()
| {
| if (sizeof ((_Bool)))
| 	    return 0;
|   ;
|   return 0;
| }
configure:5348: result: yes
configure:5365: checking for an ANSI C-conforming const
configure:5431: gcc -c -g -O2  conftest.c >&5
configure:5431: $? = 0
configure:5438: result: yes
configure:5446: checking for size_t
configure:5446: gcc -c -g -O2  conftest.c >&5
configure:5446: $? = 0
configure:5446: gcc -c -g -O2  conftest.c >&5
conftest.c: In function 'main':
conftest.c:67: error: expected expression before ')' token
configure:5446: $? = 1
configure: failed program was:
| /* confdefs.h */
| #define PACKAGE_NAME "Stacks"
| #define PACKAGE_TARNAME "stacks"
| #define PACKAGE_VERSION "1.40"
| #define PACKAGE_STRING "Stacks 1.40"
| #define PACKAGE_BUGREPORT ""
| #define PACKAGE_URL ""
| #define PACKAGE "stacks"
| #define VERSION "1.40"
| #define HAVE_CXX11 1
| #define HAVE_LIBGOMP 1
| #define HAVE_LIBZ 1
| #define HAVE_DIRENT_H 1
| #define STDC_HEADERS 1
| #define HAVE_SYS_TYPES_H 1
| #define HAVE_SYS_STAT_H 1
| #define HAVE_STDLIB_H 1
| #define HAVE_STRING_H 1
| #define HAVE_MEMORY_H 1
| #define HAVE_STRINGS_H 1
| #define HAVE_INTTYPES_H 1
| #define HAVE_STDINT_H 1
| #define HAVE_UNISTD_H 1
| #define HAVE_FLOAT_H 1
| #define HAVE_LIMITS_H 1
| #define HAVE_STDLIB_H 1
| #define HAVE_STRING_H 1
| #define HAVE__BOOL 1
| #define HAVE_STDBOOL_H 1
| /* end confdefs.h.  */
| #include <stdio.h>
| #ifdef HAVE_SYS_TYPES_H
| # include <sys/types.h>
| #endif
| #ifdef HAVE_SYS_STAT_H
| # include <sys/stat.h>
| #endif
| #ifdef STDC_HEADERS
| # include <stdlib.h>
| # include <stddef.h>
| #else
| # ifdef HAVE_STDLIB_H
| #  include <stdlib.h>
| # endif
| #endif
| #ifdef HAVE_STRING_H
| # if !defined STDC_HEADERS && defined HAVE_MEMORY_H
| #  include <memory.h>
| # endif
| # include <string.h>
| #endif
| #ifdef HAVE_STRINGS_H
| # include <strings.h>
| #endif
| #ifdef HAVE_INTTYPES_H
| # include <inttypes.h>
| #endif
| #ifdef HAVE_STDINT_H
| # include <stdint.h>
| #endif
| #ifdef HAVE_UNISTD_H
| # include <unistd.h>
| #endif
| int
| main ()
| {
| if (sizeof ((size_t)))
| 	    return 0;
|   ;
|   return 0;
| }
configure:5446: result: yes
configure:5459: checking whether closedir returns void
configure:5483: gcc -o conftest -g -O2   conftest.c -lz -lgomp  >&5
configure:5483: $? = 0
configure:5483: ./conftest
configure:5483: $? = 0
configure:5493: result: no
configure:5503: checking for stdlib.h
configure:5503: result: yes
configure:5513: checking for GNU libc compatible malloc
configure:5537: gcc -o conftest -g -O2   conftest.c -lz -lgomp  >&5
configure:5537: $? = 0
configure:5537: ./conftest
configure:5537: $? = 0
configure:5547: result: yes
configure:5570: checking for stdlib.h
configure:5570: result: yes
configure:5580: checking for GNU libc compatible realloc
configure:5604: gcc -o conftest -g -O2   conftest.c -lz -lgomp  >&5
configure:5604: $? = 0
configure:5604: ./conftest
configure:5604: $? = 0
configure:5614: result: yes
configure:5638: checking for floor
configure:5638: gcc -o conftest -g -O2   conftest.c -lz -lgomp  >&5
conftest.c:58: warning: conflicting types for built-in function 'floor'
/tmp/cc9bkedx.o: In function `main':
/projects/rebe4957/gbs/programs/stacks-1.40/conftest.c:69: undefined reference to `floor'
collect2: ld returned 1 exit status
configure:5638: $? = 1
configure: failed program was:
| /* confdefs.h */
| #define PACKAGE_NAME "Stacks"
| #define PACKAGE_TARNAME "stacks"
| #define PACKAGE_VERSION "1.40"
| #define PACKAGE_STRING "Stacks 1.40"
| #define PACKAGE_BUGREPORT ""
| #define PACKAGE_URL ""
| #define PACKAGE "stacks"
| #define VERSION "1.40"
| #define HAVE_CXX11 1
| #define HAVE_LIBGOMP 1
| #define HAVE_LIBZ 1
| #define HAVE_DIRENT_H 1
| #define STDC_HEADERS 1
| #define HAVE_SYS_TYPES_H 1
| #define HAVE_SYS_STAT_H 1
| #define HAVE_STDLIB_H 1
| #define HAVE_STRING_H 1
| #define HAVE_MEMORY_H 1
| #define HAVE_STRINGS_H 1
| #define HAVE_INTTYPES_H 1
| #define HAVE_STDINT_H 1
| #define HAVE_UNISTD_H 1
| #define HAVE_FLOAT_H 1
| #define HAVE_LIMITS_H 1
| #define HAVE_STDLIB_H 1
| #define HAVE_STRING_H 1
| #define HAVE__BOOL 1
| #define HAVE_STDBOOL_H 1
| #define HAVE_STDLIB_H 1
| #define HAVE_MALLOC 1
| #define HAVE_STDLIB_H 1
| #define HAVE_REALLOC 1
| /* end confdefs.h.  */
| /* Define floor to an innocuous variant, in case <limits.h> declares floor.
|    For example, HP-UX 11i <limits.h> declares gettimeofday.  */
| #define floor innocuous_floor
| 
| /* System header to define __stub macros and hopefully few prototypes,
|     which can conflict with char floor (); below.
|     Prefer <limits.h> to <assert.h> if __STDC__ is defined, since
|     <limits.h> exists even on freestanding compilers.  */
| 
| #ifdef __STDC__
| # include <limits.h>
| #else
| # include <assert.h>
| #endif
| 
| #undef floor
| 
| /* Override any GCC internal prototype to avoid an error.
|    Use char because int might match the return type of a GCC
|    builtin and then its argument prototype would still apply.  */
| #ifdef __cplusplus
| extern "C"
| #endif
| char floor ();
| /* The GNU C library defines this for functions which it implements
|     to always fail with ENOSYS.  Some functions are actually named
|     something starting with __ and the normal name is an alias.  */
| #if defined __stub_floor || defined __stub___floor
| choke me
| #endif
| 
| int
| main ()
| {
| return floor ();
|   ;
|   return 0;
| }
configure:5638: result: no
configure:5638: checking for memset
configure:5638: gcc -o conftest -g -O2   conftest.c -lz -lgomp  >&5
conftest.c:58: warning: conflicting types for built-in function 'memset'
configure:5638: $? = 0
configure:5638: result: yes
configure:5638: checking for pow
configure:5638: gcc -o conftest -g -O2   conftest.c -lz -lgomp  >&5
conftest.c:59: warning: conflicting types for built-in function 'pow'
/tmp/ccnqIj49.o: In function `main':
/projects/rebe4957/gbs/programs/stacks-1.40/conftest.c:70: undefined reference to `pow'
collect2: ld returned 1 exit status
configure:5638: $? = 1
configure: failed program was:
| /* confdefs.h */
| #define PACKAGE_NAME "Stacks"
| #define PACKAGE_TARNAME "stacks"
| #define PACKAGE_VERSION "1.40"
| #define PACKAGE_STRING "Stacks 1.40"
| #define PACKAGE_BUGREPORT ""
| #define PACKAGE_URL ""
| #define PACKAGE "stacks"
| #define VERSION "1.40"
| #define HAVE_CXX11 1
| #define HAVE_LIBGOMP 1
| #define HAVE_LIBZ 1
| #define HAVE_DIRENT_H 1
| #define STDC_HEADERS 1
| #define HAVE_SYS_TYPES_H 1
| #define HAVE_SYS_STAT_H 1
| #define HAVE_STDLIB_H 1
| #define HAVE_STRING_H 1
| #define HAVE_MEMORY_H 1
| #define HAVE_STRINGS_H 1
| #define HAVE_INTTYPES_H 1
| #define HAVE_STDINT_H 1
| #define HAVE_UNISTD_H 1
| #define HAVE_FLOAT_H 1
| #define HAVE_LIMITS_H 1
| #define HAVE_STDLIB_H 1
| #define HAVE_STRING_H 1
| #define HAVE__BOOL 1
| #define HAVE_STDBOOL_H 1
| #define HAVE_STDLIB_H 1
| #define HAVE_MALLOC 1
| #define HAVE_STDLIB_H 1
| #define HAVE_REALLOC 1
| #define HAVE_MEMSET 1
| /* end confdefs.h.  */
| /* Define pow to an innocuous variant, in case <limits.h> declares pow.
|    For example, HP-UX 11i <limits.h> declares gettimeofday.  */
| #define pow innocuous_pow
| 
| /* System header to define __stub macros and hopefully few prototypes,
|     which can conflict with char pow (); below.
|     Prefer <limits.h> to <assert.h> if __STDC__ is defined, since
|     <limits.h> exists even on freestanding compilers.  */
| 
| #ifdef __STDC__
| # include <limits.h>
| #else
| # include <assert.h>
| #endif
| 
| #undef pow
| 
| /* Override any GCC internal prototype to avoid an error.
|    Use char because int might match the return type of a GCC
|    builtin and then its argument prototype would still apply.  */
| #ifdef __cplusplus
| extern "C"
| #endif
| char pow ();
| /* The GNU C library defines this for functions which it implements
|     to always fail with ENOSYS.  Some functions are actually named
|     something starting with __ and the normal name is an alias.  */
| #if defined __stub_pow || defined __stub___pow
| choke me
| #endif
| 
| int
| main ()
| {
| return pow ();
|   ;
|   return 0;
| }
configure:5638: result: no
configure:5638: checking for sqrt
configure:5638: gcc -o conftest -g -O2   conftest.c -lz -lgomp  >&5
conftest.c:59: warning: conflicting types for built-in function 'sqrt'
/tmp/cc4mqeEq.o: In function `main':
/projects/rebe4957/gbs/programs/stacks-1.40/conftest.c:70: undefined reference to `sqrt'
collect2: ld returned 1 exit status
configure:5638: $? = 1
configure: failed program was:
| /* confdefs.h */
| #define PACKAGE_NAME "Stacks"
| #define PACKAGE_TARNAME "stacks"
| #define PACKAGE_VERSION "1.40"
| #define PACKAGE_STRING "Stacks 1.40"
| #define PACKAGE_BUGREPORT ""
| #define PACKAGE_URL ""
| #define PACKAGE "stacks"
| #define VERSION "1.40"
| #define HAVE_CXX11 1
| #define HAVE_LIBGOMP 1
| #define HAVE_LIBZ 1
| #define HAVE_DIRENT_H 1
| #define STDC_HEADERS 1
| #define HAVE_SYS_TYPES_H 1
| #define HAVE_SYS_STAT_H 1
| #define HAVE_STDLIB_H 1
| #define HAVE_STRING_H 1
| #define HAVE_MEMORY_H 1
| #define HAVE_STRINGS_H 1
| #define HAVE_INTTYPES_H 1
| #define HAVE_STDINT_H 1
| #define HAVE_UNISTD_H 1
| #define HAVE_FLOAT_H 1
| #define HAVE_LIMITS_H 1
| #define HAVE_STDLIB_H 1
| #define HAVE_STRING_H 1
| #define HAVE__BOOL 1
| #define HAVE_STDBOOL_H 1
| #define HAVE_STDLIB_H 1
| #define HAVE_MALLOC 1
| #define HAVE_STDLIB_H 1
| #define HAVE_REALLOC 1
| #define HAVE_MEMSET 1
| /* end confdefs.h.  */
| /* Define sqrt to an innocuous variant, in case <limits.h> declares sqrt.
|    For example, HP-UX 11i <limits.h> declares gettimeofday.  */
| #define sqrt innocuous_sqrt
| 
| /* System header to define __stub macros and hopefully few prototypes,
|     which can conflict with char sqrt (); below.
|     Prefer <limits.h> to <assert.h> if __STDC__ is defined, since
|     <limits.h> exists even on freestanding compilers.  */
| 
| #ifdef __STDC__
| # include <limits.h>
| #else
| # include <assert.h>
| #endif
| 
| #undef sqrt
| 
| /* Override any GCC internal prototype to avoid an error.
|    Use char because int might match the return type of a GCC
|    builtin and then its argument prototype would still apply.  */
| #ifdef __cplusplus
| extern "C"
| #endif
| char sqrt ();
| /* The GNU C library defines this for functions which it implements
|     to always fail with ENOSYS.  Some functions are actually named
|     something starting with __ and the normal name is an alias.  */
| #if defined __stub_sqrt || defined __stub___sqrt
| choke me
| #endif
| 
| int
| main ()
| {
| return sqrt ();
|   ;
|   return 0;
| }
configure:5638: result: no
configure:5653: checking for gawk
configure:5680: result: gawk
configure:5803: checking that generated files are newer than configure
configure:5809: result: done
configure:5836: creating ./config.status

## ---------------------- ##
## Running config.status. ##
## ---------------------- ##

This file was extended by Stacks config.status 1.40, which was
generated by GNU Autoconf 2.69.  Invocation command line was

  CONFIG_FILES    = 
  CONFIG_HEADERS  = 
  CONFIG_LINKS    = 
  CONFIG_COMMANDS = 
  $ ./config.status 

on login04.rc.colorado.edu

config.status:878: creating Makefile
config.status:878: creating config.h
config.status:1107: executing depfiles commands

## ---------------- ##
## Cache variables. ##
## ---------------- ##

ac_cv_c_compiler_gnu=yes
ac_cv_c_const=yes
ac_cv_cxx_compiler_gnu=yes
ac_cv_env_CCC_set=
ac_cv_env_CCC_value=
ac_cv_env_CC_set=
ac_cv_env_CC_value=
ac_cv_env_CFLAGS_set=
ac_cv_env_CFLAGS_value=
ac_cv_env_CPPFLAGS_set=
ac_cv_env_CPPFLAGS_value=
ac_cv_env_CPP_set=
ac_cv_env_CPP_value=
ac_cv_env_CXXFLAGS_set=
ac_cv_env_CXXFLAGS_value=
ac_cv_env_CXX_set=
ac_cv_env_CXX_value=
ac_cv_env_LDFLAGS_set=
ac_cv_env_LDFLAGS_value=
ac_cv_env_LIBS_set=
ac_cv_env_LIBS_value=
ac_cv_env_build_alias_set=
ac_cv_env_build_alias_value=
ac_cv_env_host_alias_set=
ac_cv_env_host_alias_value=
ac_cv_env_target_alias_set=
ac_cv_env_target_alias_value=
ac_cv_func_closedir_void=no
ac_cv_func_floor=no
ac_cv_func_malloc_0_nonnull=yes
ac_cv_func_memset=yes
ac_cv_func_pow=no
ac_cv_func_realloc_0_nonnull=yes
ac_cv_func_sqrt=no
ac_cv_header_dirent_dirent_h=yes
ac_cv_header_float_h=yes
ac_cv_header_inttypes_h=yes
ac_cv_header_limits_h=yes
ac_cv_header_memory_h=yes
ac_cv_header_stdbool_h=yes
ac_cv_header_stdc=yes
ac_cv_header_stdint_h=yes
ac_cv_header_stdlib_h=yes
ac_cv_header_string_h=yes
ac_cv_header_strings_h=yes
ac_cv_header_sys_stat_h=yes
ac_cv_header_sys_types_h=yes
ac_cv_header_unistd_h=yes
ac_cv_lib_gomp_omp_set_num_threads=yes
ac_cv_lib_z_gzread=yes
ac_cv_objext=o
ac_cv_path_EGREP='/bin/grep -E'
ac_cv_path_GREP=/bin/grep
ac_cv_path_install='/usr/bin/install -c'
ac_cv_path_mkdir=/bin/mkdir
ac_cv_prog_AWK=gawk
ac_cv_prog_CPP='gcc -E'
ac_cv_prog_ac_ct_CC=gcc
ac_cv_prog_ac_ct_CXX=g++
ac_cv_prog_c_openmp=-fopenmp
ac_cv_prog_cc_c89=
ac_cv_prog_cc_g=yes
ac_cv_prog_cxx_g=yes
ac_cv_prog_make_make_set=yes
ac_cv_search_opendir='none required'
ac_cv_type__Bool=yes
ac_cv_type_size_t=yes
am_cv_CC_dependencies_compiler_type=gcc3
am_cv_CXX_dependencies_compiler_type=gcc3
am_cv_make_support_nested_variables=yes
am_cv_prog_cc_c_o=yes
ax_cv_cxx_compile_cxx11=no
ax_cv_cxx_compile_cxx11__std_gnupp0x=yes
ax_cv_cxx_compile_cxx11__std_gnupp11=no

## ----------------- ##
## Output variables. ##
## ----------------- ##

ACLOCAL='${SHELL} /projects/rebe4957/gbs/programs/stacks-1.40/config/missing aclocal-1.15'
AMDEPBACKSLASH='\'
AMDEP_FALSE='#'
AMDEP_TRUE=''
AMTAR='$${TAR-tar}'
AM_BACKSLASH='\'
AM_DEFAULT_V='$(AM_DEFAULT_VERBOSITY)'
AM_DEFAULT_VERBOSITY='1'
AM_V='$(V)'
AUTOCONF='${SHELL} /projects/rebe4957/gbs/programs/stacks-1.40/config/missing autoconf'
AUTOHEADER='${SHELL} /projects/rebe4957/gbs/programs/stacks-1.40/config/missing autoheader'
AUTOMAKE='${SHELL} /projects/rebe4957/gbs/programs/stacks-1.40/config/missing automake-1.15'
AWK='gawk'
BAM_CFLAGS=''
BAM_LIBS=''
CC='gcc'
CCDEPMODE='depmode=gcc3'
CFLAGS='-g -O2'
CPP='gcc -E'
CPPFLAGS=''
CXX='g++'
CXXDEPMODE='depmode=gcc3'
CXXFLAGS='-g -O2 -std=gnu++0x'
CYGPATH_W='echo'
DEFS='-DHAVE_CONFIG_H'
DEPDIR='.deps'
ECHO_C=''
ECHO_N='-n'
ECHO_T=''
EGREP='/bin/grep -E'
EXEEXT=''
GREP='/bin/grep'
HAVE_CXX11='1'
INSTALL_DATA='${INSTALL} -m 644'
INSTALL_PROGRAM='${INSTALL}'
INSTALL_SCRIPT='${INSTALL}'
INSTALL_STRIP_PROGRAM='$(install_sh) -c -s'
LDFLAGS=''
LIBOBJS=''
LIBS='-lz -lgomp '
LTLIBOBJS=''
MAKEINFO='${SHELL} /projects/rebe4957/gbs/programs/stacks-1.40/config/missing makeinfo'
MKDIR_P='/bin/mkdir -p'
OBJEXT='o'
OPENMP_CFLAGS='-fopenmp'
PACKAGE='stacks'
PACKAGE_BUGREPORT=''
PACKAGE_NAME='Stacks'
PACKAGE_STRING='Stacks 1.40'
PACKAGE_TARNAME='stacks'
PACKAGE_URL=''
PACKAGE_VERSION='1.40'
PATH_SEPARATOR=':'
SET_MAKE=''
SHELL='/bin/sh'
SPARSEHASH_CFLAGS=''
STRIP=''
VERSION='1.40'
ac_ct_CC='gcc'
ac_ct_CXX='g++'
am__EXEEXT_FALSE=''
am__EXEEXT_TRUE='#'
am__fastdepCC_FALSE='#'
am__fastdepCC_TRUE=''
am__fastdepCXX_FALSE='#'
am__fastdepCXX_TRUE=''
am__include='include'
am__isrc=''
am__leading_dot='.'
am__nodep='_no'
am__quote=''
am__tar='$${TAR-tar} chof - "$$tardir"'
am__untar='$${TAR-tar} xf -'
bindir='${exec_prefix}/bin'
build_alias=''
datadir='${datarootdir}'
datarootdir='${prefix}/share'
docdir='${datarootdir}/doc/${PACKAGE_TARNAME}'
dvidir='${docdir}'
exec_prefix='${prefix}'
host_alias=''
htmldir='${docdir}'
includedir='${prefix}/include'
infodir='${datarootdir}/info'
install_sh='${SHELL} /projects/rebe4957/gbs/programs/stacks-1.40/config/install-sh'
libdir='${exec_prefix}/lib'
libexecdir='${exec_prefix}/libexec'
localedir='${datarootdir}/locale'
localstatedir='${prefix}/var'
mandir='${datarootdir}/man'
mkdir_p='$(MKDIR_P)'
oldincludedir='/usr/include'
pdfdir='${docdir}'
prefix='/projects/rebe4957/gbs/programs'
program_transform_name='s,x,x,'
psdir='${docdir}'
sbindir='${exec_prefix}/sbin'
sharedstatedir='${prefix}/com'
sysconfdir='${prefix}/etc'
target_alias=''

## ----------- ##
## confdefs.h. ##
## ----------- ##

/* confdefs.h */
#define PACKAGE_NAME "Stacks"
#define PACKAGE_TARNAME "stacks"
#define PACKAGE_VERSION "1.40"
#define PACKAGE_STRING "Stacks 1.40"
#define PACKAGE_BUGREPORT ""
#define PACKAGE_URL ""
#define PACKAGE "stacks"
#define VERSION "1.40"
#define HAVE_CXX11 1
#define HAVE_LIBGOMP 1
#define HAVE_LIBZ 1
#define HAVE_DIRENT_H 1
#define STDC_HEADERS 1
#define HAVE_SYS_TYPES_H 1
#define HAVE_SYS_STAT_H 1
#define HAVE_STDLIB_H 1
#define HAVE_STRING_H 1
#define HAVE_MEMORY_H 1
#define HAVE_STRINGS_H 1
#define HAVE_INTTYPES_H 1
#define HAVE_STDINT_H 1
#define HAVE_UNISTD_H 1
#define HAVE_FLOAT_H 1
#define HAVE_LIMITS_H 1
#define HAVE_STDLIB_H 1
#define HAVE_STRING_H 1
#define HAVE__BOOL 1
#define HAVE_STDBOOL_H 1
#define HAVE_STDLIB_H 1
#define HAVE_MALLOC 1
#define HAVE_STDLIB_H 1
#define HAVE_REALLOC 1
#define HAVE_MEMSET 1

configure: exit 0
